<?xml version='1.0'?>
<ns2:test-suite xmlns:ns2='urn:model.allure.qatools.yandex.ru' start='1548249938273' stop='1548250166622'>
    <name>ORBCR - Functional Testing of Admin Panel Product Categories Tab PBI-593 --> Admin Panel - Manage Categories: Add and Edit Category</name>
    <title>ORBCR - Functional Testing of Admin Panel Product Categories Tab PBI-593 --> Admin Panel - Manage Categories: Add and Edit Category</title>
    <test-cases>
        <test-case start='1548249938273' status='passed' stop='1548250136402'>
            <name>Admin Panel - Add and edit new category with exempt oversight requirement</name>
            <title>Admin Panel - Add and edit new category with exempt oversight requirement</title>
            <labels/>
            <parameters/>
            <steps/>
            <attachments>
                <attachment title='Screenshot' source='52362c34-6b77-4405-a686-d9a909d5342f-attachment.png' type='image/png' size='139244'/>
            </attachments>
        </test-case>
        <test-case start='1548250136402' status='failed' stop='1548250140168'>
            <name>Admin Panel -Add, edit and sort category with max char allowed i.e. 150</name>
            <title>Admin Panel -Add, edit and sort category with max char allowed i.e. 150</title>
            <labels/>
            <parameters/>
            <steps/>
            <attachments>
                <attachment title='Screenshot' source='447afe0c-a84d-4d27-b895-8142f06037f5-attachment.png' type='image/png' size='108519'/>
            </attachments>
            <failure>
                <message>Failed: unknown error: Element &lt;span class="">...&lt;/span> is not clickable at point (585, 178). Other element would receive the click: &lt;ux-dialog-container class="active" style="z-index: 1000;">...&lt;/ux-dialog-container>
                  (Session info: chrome=71.0.3578.98)
                  (Driver info: chromedriver=2.45.615291 (ec3682e3c9061c10f26ea9e5cdcf3c53f3f74387),platform=Windows NT 10.0.17134 x86_64)</message>
                <stack-trace>WebDriverError: unknown error: Element &lt;span class="">...&lt;/span> is not clickable at point (585, 178). Other element would receive the click: &lt;ux-dialog-container class="active" style="z-index: 1000;">...&lt;/ux-dialog-container>
                  (Session info: chrome=71.0.3578.98)
                  (Driver info: chromedriver=2.45.615291 (ec3682e3c9061c10f26ea9e5cdcf3c53f3f74387),platform=Windows NT 10.0.17134 x86_64)
                    at Object.checkLegacyResponse (C:\Users\khyati.sehgal\source\Workspaces\Venminder\QA\SAND-DEV-1\node_modules\protractor\node_modules\selenium-webdriver\lib\error.js:546:15)
                    at parseHttpResponse (C:\Users\khyati.sehgal\source\Workspaces\Venminder\QA\SAND-DEV-1\node_modules\protractor\node_modules\selenium-webdriver\lib\http.js:509:13)
                    at doSend.then.response (C:\Users\khyati.sehgal\source\Workspaces\Venminder\QA\SAND-DEV-1\node_modules\protractor\node_modules\selenium-webdriver\lib\http.js:441:30)
                    at &lt;anonymous>
                    at process._tickCallback (internal/process/next_tick.js:189:7)
                From: Task: WebElement.click()
                    at Driver.schedule (C:\Users\khyati.sehgal\source\Workspaces\Venminder\QA\SAND-DEV-1\node_modules\protractor\node_modules\selenium-webdriver\lib\webdriver.js:807:17)
                    at WebElement.schedule_ (C:\Users\khyati.sehgal\source\Workspaces\Venminder\QA\SAND-DEV-1\node_modules\protractor\node_modules\selenium-webdriver\lib\webdriver.js:2010:25)
                    at WebElement.click (C:\Users\khyati.sehgal\source\Workspaces\Venminder\QA\SAND-DEV-1\node_modules\protractor\node_modules\selenium-webdriver\lib\webdriver.js:2092:17)
                    at actionFn (C:\Users\khyati.sehgal\source\Workspaces\Venminder\QA\SAND-DEV-1\node_modules\protractor\built\element.js:89:44)
                    at Array.map (&lt;anonymous>)
                    at actionResults.getWebElements.then (C:\Users\khyati.sehgal\source\Workspaces\Venminder\QA\SAND-DEV-1\node_modules\protractor\built\element.js:461:65)
                    at ManagedPromise.invokeCallback_ (C:\Users\khyati.sehgal\source\Workspaces\Venminder\QA\SAND-DEV-1\node_modules\protractor\node_modules\selenium-webdriver\lib\promise.js:1376:14)
                    at TaskQueue.execute_ (C:\Users\khyati.sehgal\source\Workspaces\Venminder\QA\SAND-DEV-1\node_modules\protractor\node_modules\selenium-webdriver\lib\promise.js:3084:14)
                    at TaskQueue.executeNext_ (C:\Users\khyati.sehgal\source\Workspaces\Venminder\QA\SAND-DEV-1\node_modules\protractor\node_modules\selenium-webdriver\lib\promise.js:3067:27)
                    at asyncRun (C:\Users\khyati.sehgal\source\Workspaces\Venminder\QA\SAND-DEV-1\node_modules\protractor\node_modules\selenium-webdriver\lib\promise.js:2927:27)Error
                    at ElementArrayFinder.applyAction_ (C:\Users\khyati.sehgal\source\Workspaces\Venminder\QA\SAND-DEV-1\node_modules\protractor\built\element.js:459:27)
                    at ElementArrayFinder.(anonymous function).args [as click] (C:\Users\khyati.sehgal\source\Workspaces\Venminder\QA\SAND-DEV-1\node_modules\protractor\built\element.js:91:29)
                    at ElementFinder.(anonymous function).args [as click] (C:\Users\khyati.sehgal\source\Workspaces\Venminder\QA\SAND-DEV-1\node_modules\protractor\built\element.js:831:22)
                    at Click.buttonClick (C:\Users\khyati.sehgal\source\Workspaces\Venminder\QA\SAND-DEV-1\e2e\com.venminder.utilities\Click.ts:9:17)
                    at UserRolesPage.clickOnProductCategoriesTab (C:\Users\khyati.sehgal\source\Workspaces\Venminder\QA\SAND-DEV-1\e2e\com.venminder.page\AdminPanel\UserRolesPage.ts:25:20)
                    at UserContext.it (C:\Users\khyati.sehgal\source\Workspaces\Venminder\QA\SAND-DEV-1\e2e\com.venminder.specs\AdminPanel\ProductCategoriesTests.ts:40:19)
                    at C:\Users\khyati.sehgal\source\Workspaces\Venminder\QA\SAND-DEV-1\node_modules\jasminewd2\index.js:112:25
                    at new ManagedPromise (C:\Users\khyati.sehgal\source\Workspaces\Venminder\QA\SAND-DEV-1\node_modules\protractor\node_modules\selenium-webdriver\lib\promise.js:1077:7)
                    at ControlFlow.promise (C:\Users\khyati.sehgal\source\Workspaces\Venminder\QA\SAND-DEV-1\node_modules\protractor\node_modules\selenium-webdriver\lib\promise.js:2505:12)
                    at schedulerExecute (C:\Users\khyati.sehgal\source\Workspaces\Venminder\QA\SAND-DEV-1\node_modules\jasminewd2\index.js:95:18)
                From: Task: Run it("Admin Panel -Add, edit and sort category with max char allowed i.e. 150") in control flow
                    at UserContext.&lt;anonymous> (C:\Users\khyati.sehgal\source\Workspaces\Venminder\QA\SAND-DEV-1\node_modules\jasminewd2\index.js:94:19)
                    at attempt (C:\Users\khyati.sehgal\source\Workspaces\Venminder\QA\SAND-DEV-1\node_modules\protractor\node_modules\jasmine-core\lib\jasmine-core\jasmine.js:4297:26)
                    at QueueRunner.run (C:\Users\khyati.sehgal\source\Workspaces\Venminder\QA\SAND-DEV-1\node_modules\protractor\node_modules\jasmine-core\lib\jasmine-core\jasmine.js:4217:20)
                    at runNext (C:\Users\khyati.sehgal\source\Workspaces\Venminder\QA\SAND-DEV-1\node_modules\protractor\node_modules\jasmine-core\lib\jasmine-core\jasmine.js:4257:20)
                    at C:\Users\khyati.sehgal\source\Workspaces\Venminder\QA\SAND-DEV-1\node_modules\protractor\node_modules\jasmine-core\lib\jasmine-core\jasmine.js:4264:13
                    at C:\Users\khyati.sehgal\source\Workspaces\Venminder\QA\SAND-DEV-1\node_modules\protractor\node_modules\jasmine-core\lib\jasmine-core\jasmine.js:4172:9
                    at C:\Users\khyati.sehgal\source\Workspaces\Venminder\QA\SAND-DEV-1\node_modules\jasminewd2\index.js:64:48
                    at ControlFlow.emit (C:\Users\khyati.sehgal\source\Workspaces\Venminder\QA\SAND-DEV-1\node_modules\protractor\node_modules\selenium-webdriver\lib\events.js:62:21)
                    at ControlFlow.shutdown_ (C:\Users\khyati.sehgal\source\Workspaces\Venminder\QA\SAND-DEV-1\node_modules\protractor\node_modules\selenium-webdriver\lib\promise.js:2674:10)
                    at shutdownTask_.MicroTask (C:\Users\khyati.sehgal\source\Workspaces\Venminder\QA\SAND-DEV-1\node_modules\protractor\node_modules\selenium-webdriver\lib\promise.js:2599:53)
                From asynchronous test: 
                Error
                    at Suite.describe (C:\Users\khyati.sehgal\source\Workspaces\Venminder\QA\SAND-DEV-1\e2e\com.venminder.specs\AdminPanel\ProductCategoriesTests.ts:38:3)
                    at addSpecsToSuite (C:\Users\khyati.sehgal\source\Workspaces\Venminder\QA\SAND-DEV-1\node_modules\protractor\node_modules\jasmine-core\lib\jasmine-core\jasmine.js:1107:25)
                    at Env.describe (C:\Users\khyati.sehgal\source\Workspaces\Venminder\QA\SAND-DEV-1\node_modules\protractor\node_modules\jasmine-core\lib\jasmine-core\jasmine.js:1074:7)
                    at describe (C:\Users\khyati.sehgal\source\Workspaces\Venminder\QA\SAND-DEV-1\node_modules\protractor\node_modules\jasmine-core\lib\jasmine-core\jasmine.js:4399:18)
                    at Suite.describe (C:\Users\khyati.sehgal\source\Workspaces\Venminder\QA\SAND-DEV-1\e2e\com.venminder.specs\AdminPanel\ProductCategoriesTests.ts:20:3)
                    at addSpecsToSuite (C:\Users\khyati.sehgal\source\Workspaces\Venminder\QA\SAND-DEV-1\node_modules\protractor\node_modules\jasmine-core\lib\jasmine-core\jasmine.js:1107:25)
                    at Env.describe (C:\Users\khyati.sehgal\source\Workspaces\Venminder\QA\SAND-DEV-1\node_modules\protractor\node_modules\jasmine-core\lib\jasmine-core\jasmine.js:1074:7)
                    at describe (C:\Users\khyati.sehgal\source\Workspaces\Venminder\QA\SAND-DEV-1\node_modules\protractor\node_modules\jasmine-core\lib\jasmine-core\jasmine.js:4399:18)
                    at Object.&lt;anonymous> (C:\Users\khyati.sehgal\source\Workspaces\Venminder\QA\SAND-DEV-1\e2e\com.venminder.specs\AdminPanel\ProductCategoriesTests.ts:11:1)</stack-trace>
            </failure>
        </test-case>
        <test-case start='1548250140168' status='failed' stop='1548250153329'>
            <name>Admin Panel - Add new category with potential matches found</name>
            <title>Admin Panel - Add new category with potential matches found</title>
            <labels/>
            <parameters/>
            <steps/>
            <attachments>
                <attachment title='Screenshot' source='670a476e-1097-4cf0-a161-2a6c156fcc39-attachment.png' type='image/png' size='135620'/>
            </attachments>
            <failure>
                <message>Failed: Loading indicator is still showing
                Wait timed out after 10061ms</message>
                <stack-trace>TimeoutError: Loading indicator is still showing
                Wait timed out after 10061ms
                    at C:\Users\khyati.sehgal\source\Workspaces\Venminder\QA\SAND-DEV-1\node_modules\protractor\node_modules\selenium-webdriver\lib\promise.js:2201:17
                    at ManagedPromise.invokeCallback_ (C:\Users\khyati.sehgal\source\Workspaces\Venminder\QA\SAND-DEV-1\node_modules\protractor\node_modules\selenium-webdriver\lib\promise.js:1376:14)
                    at TaskQueue.execute_ (C:\Users\khyati.sehgal\source\Workspaces\Venminder\QA\SAND-DEV-1\node_modules\protractor\node_modules\selenium-webdriver\lib\promise.js:3084:14)
                    at TaskQueue.executeNext_ (C:\Users\khyati.sehgal\source\Workspaces\Venminder\QA\SAND-DEV-1\node_modules\protractor\node_modules\selenium-webdriver\lib\promise.js:3067:27)
                    at asyncRun (C:\Users\khyati.sehgal\source\Workspaces\Venminder\QA\SAND-DEV-1\node_modules\protractor\node_modules\selenium-webdriver\lib\promise.js:2927:27)
                    at C:\Users\khyati.sehgal\source\Workspaces\Venminder\QA\SAND-DEV-1\node_modules\protractor\node_modules\selenium-webdriver\lib\promise.js:668:7
                    at &lt;anonymous>
                    at process._tickCallback (internal/process/next_tick.js:189:7)
                From: Task: Loading indicator is still showing
                    at scheduleWait (C:\Users\khyati.sehgal\source\Workspaces\Venminder\QA\SAND-DEV-1\node_modules\protractor\node_modules\selenium-webdriver\lib\promise.js:2188:20)
                    at ControlFlow.wait (C:\Users\khyati.sehgal\source\Workspaces\Venminder\QA\SAND-DEV-1\node_modules\protractor\node_modules\selenium-webdriver\lib\promise.js:2517:12)
                    at Driver.wait (C:\Users\khyati.sehgal\source\Workspaces\Venminder\QA\SAND-DEV-1\node_modules\protractor\node_modules\selenium-webdriver\lib\webdriver.js:934:29)
                    at run (C:\Users\khyati.sehgal\source\Workspaces\Venminder\QA\SAND-DEV-1\node_modules\protractor\built\browser.js:59:33)
                    at ProtractorBrowser.to.(anonymous function) [as wait] (C:\Users\khyati.sehgal\source\Workspaces\Venminder\QA\SAND-DEV-1\node_modules\protractor\built\browser.js:67:16)
                    at UserRolesPage.clickOnProductCategoriesTab (C:\Users\khyati.sehgal\source\Workspaces\Venminder\QA\SAND-DEV-1\e2e\com.venminder.page\AdminPanel\UserRolesPage.ts:26:17)
                    at UserContext.it (C:\Users\khyati.sehgal\source\Workspaces\Venminder\QA\SAND-DEV-1\e2e\com.venminder.specs\AdminPanel\ProductCategoriesTests.ts:58:19)
                    at C:\Users\khyati.sehgal\source\Workspaces\Venminder\QA\SAND-DEV-1\node_modules\jasminewd2\index.js:112:25
                    at new ManagedPromise (C:\Users\khyati.sehgal\source\Workspaces\Venminder\QA\SAND-DEV-1\node_modules\protractor\node_modules\selenium-webdriver\lib\promise.js:1077:7)
                    at ControlFlow.promise (C:\Users\khyati.sehgal\source\Workspaces\Venminder\QA\SAND-DEV-1\node_modules\protractor\node_modules\selenium-webdriver\lib\promise.js:2505:12)
                From: Task: Run it("Admin Panel - Add new category with potential matches found") in control flow
                    at UserContext.&lt;anonymous> (C:\Users\khyati.sehgal\source\Workspaces\Venminder\QA\SAND-DEV-1\node_modules\jasminewd2\index.js:94:19)
                    at attempt (C:\Users\khyati.sehgal\source\Workspaces\Venminder\QA\SAND-DEV-1\node_modules\protractor\node_modules\jasmine-core\lib\jasmine-core\jasmine.js:4297:26)
                    at QueueRunner.run (C:\Users\khyati.sehgal\source\Workspaces\Venminder\QA\SAND-DEV-1\node_modules\protractor\node_modules\jasmine-core\lib\jasmine-core\jasmine.js:4217:20)
                    at runNext (C:\Users\khyati.sehgal\source\Workspaces\Venminder\QA\SAND-DEV-1\node_modules\protractor\node_modules\jasmine-core\lib\jasmine-core\jasmine.js:4257:20)
                    at C:\Users\khyati.sehgal\source\Workspaces\Venminder\QA\SAND-DEV-1\node_modules\protractor\node_modules\jasmine-core\lib\jasmine-core\jasmine.js:4264:13
                    at C:\Users\khyati.sehgal\source\Workspaces\Venminder\QA\SAND-DEV-1\node_modules\protractor\node_modules\jasmine-core\lib\jasmine-core\jasmine.js:4172:9
                    at C:\Users\khyati.sehgal\source\Workspaces\Venminder\QA\SAND-DEV-1\node_modules\jasminewd2\index.js:64:48
                    at ControlFlow.emit (C:\Users\khyati.sehgal\source\Workspaces\Venminder\QA\SAND-DEV-1\node_modules\protractor\node_modules\selenium-webdriver\lib\events.js:62:21)
                    at ControlFlow.shutdown_ (C:\Users\khyati.sehgal\source\Workspaces\Venminder\QA\SAND-DEV-1\node_modules\protractor\node_modules\selenium-webdriver\lib\promise.js:2674:10)
                    at shutdownTask_.MicroTask (C:\Users\khyati.sehgal\source\Workspaces\Venminder\QA\SAND-DEV-1\node_modules\protractor\node_modules\selenium-webdriver\lib\promise.js:2599:53)
                From asynchronous test: 
                Error
                    at Suite.describe (C:\Users\khyati.sehgal\source\Workspaces\Venminder\QA\SAND-DEV-1\e2e\com.venminder.specs\AdminPanel\ProductCategoriesTests.ts:56:3)
                    at addSpecsToSuite (C:\Users\khyati.sehgal\source\Workspaces\Venminder\QA\SAND-DEV-1\node_modules\protractor\node_modules\jasmine-core\lib\jasmine-core\jasmine.js:1107:25)
                    at Env.describe (C:\Users\khyati.sehgal\source\Workspaces\Venminder\QA\SAND-DEV-1\node_modules\protractor\node_modules\jasmine-core\lib\jasmine-core\jasmine.js:1074:7)
                    at describe (C:\Users\khyati.sehgal\source\Workspaces\Venminder\QA\SAND-DEV-1\node_modules\protractor\node_modules\jasmine-core\lib\jasmine-core\jasmine.js:4399:18)
                    at Suite.describe (C:\Users\khyati.sehgal\source\Workspaces\Venminder\QA\SAND-DEV-1\e2e\com.venminder.specs\AdminPanel\ProductCategoriesTests.ts:20:3)
                    at addSpecsToSuite (C:\Users\khyati.sehgal\source\Workspaces\Venminder\QA\SAND-DEV-1\node_modules\protractor\node_modules\jasmine-core\lib\jasmine-core\jasmine.js:1107:25)
                    at Env.describe (C:\Users\khyati.sehgal\source\Workspaces\Venminder\QA\SAND-DEV-1\node_modules\protractor\node_modules\jasmine-core\lib\jasmine-core\jasmine.js:1074:7)
                    at describe (C:\Users\khyati.sehgal\source\Workspaces\Venminder\QA\SAND-DEV-1\node_modules\protractor\node_modules\jasmine-core\lib\jasmine-core\jasmine.js:4399:18)
                    at Object.&lt;anonymous> (C:\Users\khyati.sehgal\source\Workspaces\Venminder\QA\SAND-DEV-1\e2e\com.venminder.specs\AdminPanel\ProductCategoriesTests.ts:11:1)</stack-trace>
            </failure>
        </test-case>
        <test-case start='1548250153329' status='failed' stop='1548250166620'>
            <name>Admin Panel - -Add and edit new category with already existing category</name>
            <title>Admin Panel - -Add and edit new category with already existing category</title>
            <labels/>
            <parameters/>
            <steps/>
            <attachments>
                <attachment title='Screenshot' source='b52f6eb7-e08a-4a7a-bff4-18dfb8f02756-attachment.png' type='image/png' size='135620'/>
            </attachments>
            <failure>
                <message>Failed: Loading indicator is still showing
                Wait timed out after 10007ms</message>
                <stack-trace>TimeoutError: Loading indicator is still showing
                Wait timed out after 10007ms
                    at C:\Users\khyati.sehgal\source\Workspaces\Venminder\QA\SAND-DEV-1\node_modules\protractor\node_modules\selenium-webdriver\lib\promise.js:2201:17
                    at ManagedPromise.invokeCallback_ (C:\Users\khyati.sehgal\source\Workspaces\Venminder\QA\SAND-DEV-1\node_modules\protractor\node_modules\selenium-webdriver\lib\promise.js:1376:14)
                    at TaskQueue.execute_ (C:\Users\khyati.sehgal\source\Workspaces\Venminder\QA\SAND-DEV-1\node_modules\protractor\node_modules\selenium-webdriver\lib\promise.js:3084:14)
                    at TaskQueue.executeNext_ (C:\Users\khyati.sehgal\source\Workspaces\Venminder\QA\SAND-DEV-1\node_modules\protractor\node_modules\selenium-webdriver\lib\promise.js:3067:27)
                    at asyncRun (C:\Users\khyati.sehgal\source\Workspaces\Venminder\QA\SAND-DEV-1\node_modules\protractor\node_modules\selenium-webdriver\lib\promise.js:2927:27)
                    at C:\Users\khyati.sehgal\source\Workspaces\Venminder\QA\SAND-DEV-1\node_modules\protractor\node_modules\selenium-webdriver\lib\promise.js:668:7
                    at &lt;anonymous>
                    at process._tickCallback (internal/process/next_tick.js:189:7)
                From: Task: Loading indicator is still showing
                    at scheduleWait (C:\Users\khyati.sehgal\source\Workspaces\Venminder\QA\SAND-DEV-1\node_modules\protractor\node_modules\selenium-webdriver\lib\promise.js:2188:20)
                    at ControlFlow.wait (C:\Users\khyati.sehgal\source\Workspaces\Venminder\QA\SAND-DEV-1\node_modules\protractor\node_modules\selenium-webdriver\lib\promise.js:2517:12)
                    at Driver.wait (C:\Users\khyati.sehgal\source\Workspaces\Venminder\QA\SAND-DEV-1\node_modules\protractor\node_modules\selenium-webdriver\lib\webdriver.js:934:29)
                    at run (C:\Users\khyati.sehgal\source\Workspaces\Venminder\QA\SAND-DEV-1\node_modules\protractor\built\browser.js:59:33)
                    at ProtractorBrowser.to.(anonymous function) [as wait] (C:\Users\khyati.sehgal\source\Workspaces\Venminder\QA\SAND-DEV-1\node_modules\protractor\built\browser.js:67:16)
                    at UserRolesPage.clickOnProductCategoriesTab (C:\Users\khyati.sehgal\source\Workspaces\Venminder\QA\SAND-DEV-1\e2e\com.venminder.page\AdminPanel\UserRolesPage.ts:26:17)
                    at UserContext.it (C:\Users\khyati.sehgal\source\Workspaces\Venminder\QA\SAND-DEV-1\e2e\com.venminder.specs\AdminPanel\ProductCategoriesTests.ts:69:19)
                    at C:\Users\khyati.sehgal\source\Workspaces\Venminder\QA\SAND-DEV-1\node_modules\jasminewd2\index.js:112:25
                    at new ManagedPromise (C:\Users\khyati.sehgal\source\Workspaces\Venminder\QA\SAND-DEV-1\node_modules\protractor\node_modules\selenium-webdriver\lib\promise.js:1077:7)
                    at ControlFlow.promise (C:\Users\khyati.sehgal\source\Workspaces\Venminder\QA\SAND-DEV-1\node_modules\protractor\node_modules\selenium-webdriver\lib\promise.js:2505:12)
                From: Task: Run it("Admin Panel - -Add and edit new category with already existing category") in control flow
                    at UserContext.&lt;anonymous> (C:\Users\khyati.sehgal\source\Workspaces\Venminder\QA\SAND-DEV-1\node_modules\jasminewd2\index.js:94:19)
                    at attempt (C:\Users\khyati.sehgal\source\Workspaces\Venminder\QA\SAND-DEV-1\node_modules\protractor\node_modules\jasmine-core\lib\jasmine-core\jasmine.js:4297:26)
                    at QueueRunner.run (C:\Users\khyati.sehgal\source\Workspaces\Venminder\QA\SAND-DEV-1\node_modules\protractor\node_modules\jasmine-core\lib\jasmine-core\jasmine.js:4217:20)
                    at runNext (C:\Users\khyati.sehgal\source\Workspaces\Venminder\QA\SAND-DEV-1\node_modules\protractor\node_modules\jasmine-core\lib\jasmine-core\jasmine.js:4257:20)
                    at C:\Users\khyati.sehgal\source\Workspaces\Venminder\QA\SAND-DEV-1\node_modules\protractor\node_modules\jasmine-core\lib\jasmine-core\jasmine.js:4264:13
                    at C:\Users\khyati.sehgal\source\Workspaces\Venminder\QA\SAND-DEV-1\node_modules\protractor\node_modules\jasmine-core\lib\jasmine-core\jasmine.js:4172:9
                    at C:\Users\khyati.sehgal\source\Workspaces\Venminder\QA\SAND-DEV-1\node_modules\jasminewd2\index.js:64:48
                    at ControlFlow.emit (C:\Users\khyati.sehgal\source\Workspaces\Venminder\QA\SAND-DEV-1\node_modules\protractor\node_modules\selenium-webdriver\lib\events.js:62:21)
                    at ControlFlow.shutdown_ (C:\Users\khyati.sehgal\source\Workspaces\Venminder\QA\SAND-DEV-1\node_modules\protractor\node_modules\selenium-webdriver\lib\promise.js:2674:10)
                    at shutdownTask_.MicroTask (C:\Users\khyati.sehgal\source\Workspaces\Venminder\QA\SAND-DEV-1\node_modules\protractor\node_modules\selenium-webdriver\lib\promise.js:2599:53)
                From asynchronous test: 
                Error
                    at Suite.describe (C:\Users\khyati.sehgal\source\Workspaces\Venminder\QA\SAND-DEV-1\e2e\com.venminder.specs\AdminPanel\ProductCategoriesTests.ts:67:3)
                    at addSpecsToSuite (C:\Users\khyati.sehgal\source\Workspaces\Venminder\QA\SAND-DEV-1\node_modules\protractor\node_modules\jasmine-core\lib\jasmine-core\jasmine.js:1107:25)
                    at Env.describe (C:\Users\khyati.sehgal\source\Workspaces\Venminder\QA\SAND-DEV-1\node_modules\protractor\node_modules\jasmine-core\lib\jasmine-core\jasmine.js:1074:7)
                    at describe (C:\Users\khyati.sehgal\source\Workspaces\Venminder\QA\SAND-DEV-1\node_modules\protractor\node_modules\jasmine-core\lib\jasmine-core\jasmine.js:4399:18)
                    at Suite.describe (C:\Users\khyati.sehgal\source\Workspaces\Venminder\QA\SAND-DEV-1\e2e\com.venminder.specs\AdminPanel\ProductCategoriesTests.ts:20:3)
                    at addSpecsToSuite (C:\Users\khyati.sehgal\source\Workspaces\Venminder\QA\SAND-DEV-1\node_modules\protractor\node_modules\jasmine-core\lib\jasmine-core\jasmine.js:1107:25)
                    at Env.describe (C:\Users\khyati.sehgal\source\Workspaces\Venminder\QA\SAND-DEV-1\node_modules\protractor\node_modules\jasmine-core\lib\jasmine-core\jasmine.js:1074:7)
                    at describe (C:\Users\khyati.sehgal\source\Workspaces\Venminder\QA\SAND-DEV-1\node_modules\protractor\node_modules\jasmine-core\lib\jasmine-core\jasmine.js:4399:18)
                    at Object.&lt;anonymous> (C:\Users\khyati.sehgal\source\Workspaces\Venminder\QA\SAND-DEV-1\e2e\com.venminder.specs\AdminPanel\ProductCategoriesTests.ts:11:1)</stack-trace>
            </failure>
        </test-case>
    </test-cases>
</ns2:test-suite>