<?xml version='1.0'?>
<ns2:test-suite xmlns:ns2='urn:model.allure.qatools.yandex.ru' start='1548247865451' stop='1548248265560'>
    <name>ORBCR - Functional Testing of Admin Panel Product Categories Tab PBI-593 --> Admin Panel - By Product - Sort Category</name>
    <title>ORBCR - Functional Testing of Admin Panel Product Categories Tab PBI-593 --> Admin Panel - By Product - Sort Category</title>
    <test-cases>
        <test-case start='1548247865451' status='passed' stop='1548248078119'>
            <name>Admin Panel - By product - sort by product name</name>
            <title>Admin Panel - By product - sort by product name</title>
            <labels/>
            <parameters/>
            <steps/>
            <attachments>
                <attachment title='Screenshot' source='5e942ff5-f607-4597-9af3-22c3f370b8a3-attachment.png' type='image/png' size='104501'/>
            </attachments>
        </test-case>
        <test-case start='1548248078119' status='failed' stop='1548248140818'>
            <name>Admin Panel - By product -sort by category name</name>
            <title>Admin Panel - By product -sort by category name</title>
            <labels/>
            <parameters/>
            <steps/>
            <attachments>
                <attachment title='Screenshot' source='57d0b113-cf71-4d7e-b1f5-a4958d4b7e1c-attachment.png' type='image/png' size='104531'/>
            </attachments>
            <failure>
                <message>Expected true to equal false.</message>
                <stack-trace>Error: Failed expectation
                    at ProductCategoryByProductPage.assertEquals (C:\Users\khyati.sehgal\source\Workspaces\Venminder\QA\SAND-DEV-1\e2e\com.venminder.page\shared\BasePage.ts:61:25)
                    at ProductCategoriesOR_1.ProductCategoriesOR.dropDownfilter.isDisplayed.then.isDisplayed (C:\Users\khyati.sehgal\source\Workspaces\Venminder\QA\SAND-DEV-1\e2e\com.venminder.page\AdminPanel\ProductCategoryByProductPage.ts:21:14)
                    at elementArrayFinder_.then (C:\Users\khyati.sehgal\source\Workspaces\Venminder\QA\SAND-DEV-1\node_modules\protractor\built\element.js:804:32)
                    at ManagedPromise.invokeCallback_ (C:\Users\khyati.sehgal\source\Workspaces\Venminder\QA\SAND-DEV-1\node_modules\protractor\node_modules\selenium-webdriver\lib\promise.js:1376:14)
                    at TaskQueue.execute_ (C:\Users\khyati.sehgal\source\Workspaces\Venminder\QA\SAND-DEV-1\node_modules\protractor\node_modules\selenium-webdriver\lib\promise.js:3084:14)
                    at TaskQueue.executeNext_ (C:\Users\khyati.sehgal\source\Workspaces\Venminder\QA\SAND-DEV-1\node_modules\protractor\node_modules\selenium-webdriver\lib\promise.js:3067:27)
                    at asyncRun (C:\Users\khyati.sehgal\source\Workspaces\Venminder\QA\SAND-DEV-1\node_modules\protractor\node_modules\selenium-webdriver\lib\promise.js:2927:27)
                    at C:\Users\khyati.sehgal\source\Workspaces\Venminder\QA\SAND-DEV-1\node_modules\protractor\node_modules\selenium-webdriver\lib\promise.js:668:7
                    at &lt;anonymous></stack-trace>
            </failure>
        </test-case>
        <test-case start='1548248140819' status='failed' stop='1548248203230'>
            <name>Admin Panel - By product -sort by exempt category </name>
            <title>Admin Panel - By product -sort by exempt category </title>
            <labels/>
            <parameters/>
            <steps/>
            <attachments>
                <attachment title='Screenshot' source='700da84e-bb6a-4fe5-9dea-5270b6f0e7f3-attachment.png' type='image/png' size='104465'/>
            </attachments>
            <failure>
                <message>Expected true to equal false.</message>
                <stack-trace>Error: Failed expectation
                    at ProductCategoryByProductPage.assertEquals (C:\Users\khyati.sehgal\source\Workspaces\Venminder\QA\SAND-DEV-1\e2e\com.venminder.page\shared\BasePage.ts:61:25)
                    at ProductCategoriesOR_1.ProductCategoriesOR.dropDownfilter.isDisplayed.then.isDisplayed (C:\Users\khyati.sehgal\source\Workspaces\Venminder\QA\SAND-DEV-1\e2e\com.venminder.page\AdminPanel\ProductCategoryByProductPage.ts:21:14)
                    at elementArrayFinder_.then (C:\Users\khyati.sehgal\source\Workspaces\Venminder\QA\SAND-DEV-1\node_modules\protractor\built\element.js:804:32)
                    at ManagedPromise.invokeCallback_ (C:\Users\khyati.sehgal\source\Workspaces\Venminder\QA\SAND-DEV-1\node_modules\protractor\node_modules\selenium-webdriver\lib\promise.js:1376:14)
                    at TaskQueue.execute_ (C:\Users\khyati.sehgal\source\Workspaces\Venminder\QA\SAND-DEV-1\node_modules\protractor\node_modules\selenium-webdriver\lib\promise.js:3084:14)
                    at TaskQueue.executeNext_ (C:\Users\khyati.sehgal\source\Workspaces\Venminder\QA\SAND-DEV-1\node_modules\protractor\node_modules\selenium-webdriver\lib\promise.js:3067:27)
                    at asyncRun (C:\Users\khyati.sehgal\source\Workspaces\Venminder\QA\SAND-DEV-1\node_modules\protractor\node_modules\selenium-webdriver\lib\promise.js:2927:27)
                    at C:\Users\khyati.sehgal\source\Workspaces\Venminder\QA\SAND-DEV-1\node_modules\protractor\node_modules\selenium-webdriver\lib\promise.js:668:7
                    at &lt;anonymous></stack-trace>
            </failure>
        </test-case>
        <test-case start='1548248203230' status='failed' stop='1548248265553'>
            <name>Admin Panel - By product -sort by vendor name </name>
            <title>Admin Panel - By product -sort by vendor name </title>
            <labels/>
            <parameters/>
            <steps/>
            <attachments>
                <attachment title='Screenshot' source='a60e057b-0419-416f-92f0-7d0bd77a750a-attachment.png' type='image/png' size='135398'/>
            </attachments>
            <failure>
                <message>Expected true to equal false.</message>
                <stack-trace>Error: Failed expectation
                    at ProductCategoryByProductPage.assertEquals (C:\Users\khyati.sehgal\source\Workspaces\Venminder\QA\SAND-DEV-1\e2e\com.venminder.page\shared\BasePage.ts:61:25)
                    at ProductCategoriesOR_1.ProductCategoriesOR.dropDownfilter.isDisplayed.then.isDisplayed (C:\Users\khyati.sehgal\source\Workspaces\Venminder\QA\SAND-DEV-1\e2e\com.venminder.page\AdminPanel\ProductCategoryByProductPage.ts:21:14)
                    at elementArrayFinder_.then (C:\Users\khyati.sehgal\source\Workspaces\Venminder\QA\SAND-DEV-1\node_modules\protractor\built\element.js:804:32)
                    at ManagedPromise.invokeCallback_ (C:\Users\khyati.sehgal\source\Workspaces\Venminder\QA\SAND-DEV-1\node_modules\protractor\node_modules\selenium-webdriver\lib\promise.js:1376:14)
                    at TaskQueue.execute_ (C:\Users\khyati.sehgal\source\Workspaces\Venminder\QA\SAND-DEV-1\node_modules\protractor\node_modules\selenium-webdriver\lib\promise.js:3084:14)
                    at TaskQueue.executeNext_ (C:\Users\khyati.sehgal\source\Workspaces\Venminder\QA\SAND-DEV-1\node_modules\protractor\node_modules\selenium-webdriver\lib\promise.js:3067:27)
                    at asyncRun (C:\Users\khyati.sehgal\source\Workspaces\Venminder\QA\SAND-DEV-1\node_modules\protractor\node_modules\selenium-webdriver\lib\promise.js:2927:27)
                    at C:\Users\khyati.sehgal\source\Workspaces\Venminder\QA\SAND-DEV-1\node_modules\protractor\node_modules\selenium-webdriver\lib\promise.js:668:7
                    at &lt;anonymous></stack-trace>
            </failure>
        </test-case>
    </test-cases>
</ns2:test-suite>