<?xml version='1.0'?>
<ns2:test-suite xmlns:ns2='urn:model.allure.qatools.yandex.ru' start='1548247102047' stop='1548247559678'>
    <name>ORBCR - Functional Testing of Admin Panel Product Categories Tab PBI-593 --> Admin Panel - By Product - Sort Category</name>
    <title>ORBCR - Functional Testing of Admin Panel Product Categories Tab PBI-593 --> Admin Panel - By Product - Sort Category</title>
    <test-cases>
        <test-case start='1548247102048' status='failed' stop='1548247312056'>
            <name>Admin Panel - By product - sort by product name</name>
            <title>Admin Panel - By product - sort by product name</title>
            <labels/>
            <parameters/>
            <steps/>
            <attachments>
                <attachment title='Screenshot' source='586df6fb-c71a-4872-8969-43babe2f0a79-attachment.png' type='image/png' size='103877'/>
            </attachments>
            <failure>
                <message>Expected true to equal false.</message>
                <stack-trace>Error: Failed expectation
                    at ProductCategoryByProductPage.assertEquals (C:\Users\khyati.sehgal\source\Workspaces\Venminder\QA\SAND-DEV-1\e2e\com.venminder.page\shared\BasePage.ts:61:25)
                    at ProductCategoriesOR_1.ProductCategoriesOR.btnAddCategory.isDisplayed.then.isDisplayed (C:\Users\khyati.sehgal\source\Workspaces\Venminder\QA\SAND-DEV-1\e2e\com.venminder.page\AdminPanel\ProductCategoryByProductPage.ts:32:20)
                    at elementArrayFinder_.then (C:\Users\khyati.sehgal\source\Workspaces\Venminder\QA\SAND-DEV-1\node_modules\protractor\built\element.js:804:32)
                    at ManagedPromise.invokeCallback_ (C:\Users\khyati.sehgal\source\Workspaces\Venminder\QA\SAND-DEV-1\node_modules\protractor\node_modules\selenium-webdriver\lib\promise.js:1376:14)
                    at TaskQueue.execute_ (C:\Users\khyati.sehgal\source\Workspaces\Venminder\QA\SAND-DEV-1\node_modules\protractor\node_modules\selenium-webdriver\lib\promise.js:3084:14)
                    at TaskQueue.executeNext_ (C:\Users\khyati.sehgal\source\Workspaces\Venminder\QA\SAND-DEV-1\node_modules\protractor\node_modules\selenium-webdriver\lib\promise.js:3067:27)
                    at asyncRun (C:\Users\khyati.sehgal\source\Workspaces\Venminder\QA\SAND-DEV-1\node_modules\protractor\node_modules\selenium-webdriver\lib\promise.js:2927:27)
                    at C:\Users\khyati.sehgal\source\Workspaces\Venminder\QA\SAND-DEV-1\node_modules\protractor\node_modules\selenium-webdriver\lib\promise.js:668:7
                    at &lt;anonymous></stack-trace>
            </failure>
        </test-case>
        <test-case start='1548247312056' status='passed' stop='1548247374051'>
            <name>Admin Panel - By product -sort by category name</name>
            <title>Admin Panel - By product -sort by category name</title>
            <labels/>
            <parameters/>
            <steps/>
            <attachments>
                <attachment title='Screenshot' source='226c9899-bf1b-485a-8c31-7443936bf85a-attachment.png' type='image/png' size='103877'/>
            </attachments>
        </test-case>
        <test-case start='1548247374051' status='failed' stop='1548247435855'>
            <name>Admin Panel - By product -sort by vendor name </name>
            <title>Admin Panel - By product -sort by vendor name </title>
            <labels/>
            <parameters/>
            <steps/>
            <attachments>
                <attachment title='Screenshot' source='d610da13-9db7-4f48-b3a8-2491f29aa695-attachment.png' type='image/png' size='103877'/>
            </attachments>
            <failure>
                <message>Expected true to equal false.</message>
                <stack-trace>Error: Failed expectation
                    at ProductCategoryByProductPage.assertEquals (C:\Users\khyati.sehgal\source\Workspaces\Venminder\QA\SAND-DEV-1\e2e\com.venminder.page\shared\BasePage.ts:61:25)
                    at ProductCategoriesOR_1.ProductCategoriesOR.dropDownfilter.isDisplayed.then.isDisplayed (C:\Users\khyati.sehgal\source\Workspaces\Venminder\QA\SAND-DEV-1\e2e\com.venminder.page\AdminPanel\ProductCategoryByProductPage.ts:21:20)
                    at elementArrayFinder_.then (C:\Users\khyati.sehgal\source\Workspaces\Venminder\QA\SAND-DEV-1\node_modules\protractor\built\element.js:804:32)
                    at ManagedPromise.invokeCallback_ (C:\Users\khyati.sehgal\source\Workspaces\Venminder\QA\SAND-DEV-1\node_modules\protractor\node_modules\selenium-webdriver\lib\promise.js:1376:14)
                    at TaskQueue.execute_ (C:\Users\khyati.sehgal\source\Workspaces\Venminder\QA\SAND-DEV-1\node_modules\protractor\node_modules\selenium-webdriver\lib\promise.js:3084:14)
                    at TaskQueue.executeNext_ (C:\Users\khyati.sehgal\source\Workspaces\Venminder\QA\SAND-DEV-1\node_modules\protractor\node_modules\selenium-webdriver\lib\promise.js:3067:27)
                    at asyncRun (C:\Users\khyati.sehgal\source\Workspaces\Venminder\QA\SAND-DEV-1\node_modules\protractor\node_modules\selenium-webdriver\lib\promise.js:2927:27)
                    at C:\Users\khyati.sehgal\source\Workspaces\Venminder\QA\SAND-DEV-1\node_modules\protractor\node_modules\selenium-webdriver\lib\promise.js:668:7
                    at &lt;anonymous></stack-trace>
            </failure>
        </test-case>
        <test-case start='1548247435855' status='passed' stop='1548247497757'>
            <name>Admin Panel - By product -sort by exempt category </name>
            <title>Admin Panel - By product -sort by exempt category </title>
            <labels/>
            <parameters/>
            <steps/>
            <attachments>
                <attachment title='Screenshot' source='f2bea07f-7ffa-4713-a493-ec3cb9c38d11-attachment.png' type='image/png' size='103877'/>
            </attachments>
        </test-case>
        <test-case start='1548247497757' status='passed' stop='1548247559675'>
            <name>Admin Panel - By product -sort by vendor name </name>
            <title>Admin Panel - By product -sort by vendor name </title>
            <labels/>
            <parameters/>
            <steps/>
            <attachments>
                <attachment title='Screenshot' source='49820e1a-ef1a-47ff-a097-7410bd9449a8-attachment.png' type='image/png' size='103877'/>
            </attachments>
        </test-case>
    </test-cases>
</ns2:test-suite>